# JRE version: Java(TM) SE Runtime Environment (8.0_112-b15) (build 1.8.0_112-b15)
# Java VM: Java HotSpot(TM) 64-Bit Server VM (25.112-b15 mixed mode windows-amd64 compressed oops)
Heap:
 PSYoungGen      total 45568K, used 13574K [0x00000007bc400000, 0x00000007c0000000, 0x00000007c0000000)
  eden space 30720K, 41% used [0x00000007bc400000,0x00000007bd071ac0,0x00000007be200000)
  from space 14848K, 5% used [0x00000007be200000,0x00000007be2d0000,0x00000007bf080000)
  to   space 13824K, 0% used [0x00000007bf280000,0x00000007bf280000,0x00000007c0000000)
 ParOldGen       total 219648K, used 69696K [0x0000000700000000, 0x000000070d680000, 0x00000007bc400000)
  object space 219648K, 31% used [0x0000000700000000,0x0000000704410300,0x000000070d680000)
 Metaspace       used 75198K, capacity 75951K, committed 76800K, reserved 1116160K
  class space    used 10514K, capacity 10649K, committed 10752K, reserved 1048576K
GC Heap History (10 events):
Event: 944.964 GC heap before
{Heap before GC invocations=191 (full 14):
 PSYoungGen      total 42496K, used 22528K [0x00000007bc400000, 0x00000007c0000000, 0x00000007c0000000)
  eden space 22528K, 100% used [0x00000007bc400000,0x00000007bda00000,0x00000007bda00000)
  from space 19968K, 0% used [0x00000007bec80000,0x00000007bec80000,0x00000007c0000000)
  to   space 18944K, 0% used [0x00000007bda00000,0x00000007bda00000,0x00000007bec80000)
 ParOldGen       total 219648K, used 69688K [0x0000000700000000, 0x000000070d680000, 0x00000007bc400000)
  object space 219648K, 31% used [0x0000000700000000,0x000000070440e300,0x000000070d680000)
 Metaspace       used 75175K, capacity 75939K, committed 76800K, reserved 1116160K
  class space    used 10511K, capacity 10647K, committed 10752K, reserved 1048576K
Event: 944.968 GC heap after
Heap after GC invocations=191 (full 14):
 PSYoungGen      total 41472K, used 544K [0x00000007bc400000, 0x00000007c0000000, 0x00000007c0000000)
  eden space 22528K, 0% used [0x00000007bc400000,0x00000007bc400000,0x00000007bda00000)
  from space 18944K, 2% used [0x00000007bda00000,0x00000007bda88000,0x00000007bec80000)
  to   space 17920K, 0% used [0x00000007bee80000,0x00000007bee80000,0x00000007c0000000)
 ParOldGen       total 219648K, used 69688K [0x0000000700000000, 0x000000070d680000, 0x00000007bc400000)
  object space 219648K, 31% used [0x0000000700000000,0x000000070440e300,0x000000070d680000)
 Metaspace       used 75175K, capacity 75939K, committed 76800K, reserved 1116160K
  class space    used 10511K, capacity 10647K, committed 10752K, reserved 1048576K
}
Event: 955.780 GC heap before
{Heap before GC invocations=192 (full 14):
 PSYoungGen      total 41472K, used 23072K [0x00000007bc400000, 0x00000007c0000000, 0x00000007c0000000)
  eden space 22528K, 100% used [0x00000007bc400000,0x00000007bda00000,0x00000007bda00000)
  from space 18944K, 2% used [0x00000007bda00000,0x00000007bda88000,0x00000007bec80000)
  to   space 17920K, 0% used [0x00000007bee80000,0x00000007bee80000,0x00000007c0000000)
 ParOldGen       total 219648K, used 69688K [0x0000000700000000, 0x000000070d680000, 0x00000007bc400000)
  object space 219648K, 31% used [0x0000000700000000,0x000000070440e300,0x000000070d680000)
 Metaspace       used 75176K, capacity 75939K, committed 76800K, reserved 1116160K
  class space    used 10511K, capacity 10647K, committed 10752K, reserved 1048576K
Event: 955.783 GC heap after
Heap after GC invocations=192 (full 14):
 PSYoungGen      total 44544K, used 512K [0x00000007bc400000, 0x00000007c0000000, 0x00000007c0000000)
  eden space 26624K, 0% used [0x00000007bc400000,0x00000007bc400000,0x00000007bde00000)
  from space 17920K, 2% used [0x00000007bee80000,0x00000007bef00000,0x00000007c0000000)
  to   space 16896K, 0% used [0x00000007bde00000,0x00000007bde00000,0x00000007bee80000)
 ParOldGen       total 219648K, used 69688K [0x0000000700000000, 0x000000070d680000, 0x00000007bc400000)
  object space 219648K, 31% used [0x0000000700000000,0x000000070440e300,0x000000070d680000)
 Metaspace       used 75176K, capacity 75939K, committed 76800K, reserved 1116160K
  class space    used 10511K, capacity 10647K, committed 10752K, reserved 1048576K
}
Event: 971.819 GC heap before
{Heap before GC invocations=193 (full 14):
 PSYoungGen      total 44544K, used 27136K [0x00000007bc400000, 0x00000007c0000000, 0x00000007c0000000)
  eden space 26624K, 100% used [0x00000007bc400000,0x00000007bde00000,0x00000007bde00000)
  from space 17920K, 2% used [0x00000007bee80000,0x00000007bef00000,0x00000007c0000000)
  to   space 16896K, 0% used [0x00000007bde00000,0x00000007bde00000,0x00000007bee80000)
 ParOldGen       total 219648K, used 69688K [0x0000000700000000, 0x000000070d680000, 0x00000007bc400000)
  object space 219648K, 31% used [0x0000000700000000,0x000000070440e300,0x000000070d680000)
 Metaspace       used 75177K, capacity 75939K, committed 76800K, reserved 1116160K
  class space    used 10511K, capacity 10647K, committed 10752K, reserved 1048576K
Event: 971.822 GC heap after
Heap after GC invocations=193 (full 14):
 PSYoungGen      total 43520K, used 640K [0x00000007bc400000, 0x00000007c0000000, 0x00000007c0000000)
  eden space 26624K, 0% used [0x00000007bc400000,0x00000007bc400000,0x00000007bde00000)
  from space 16896K, 3% used [0x00000007bde00000,0x00000007bdea0000,0x00000007bee80000)
  to   space 15872K, 0% used [0x00000007bf080000,0x00000007bf080000,0x00000007c0000000)
 ParOldGen       total 219648K, used 69688K [0x0000000700000000, 0x000000070d680000, 0x00000007bc400000)
  object space 219648K, 31% used [0x0000000700000000,0x000000070440e300,0x000000070d680000)
 Metaspace       used 75177K, capacity 75939K, committed 76800K, reserved 1116160K
  class space    used 10511K, capacity 10647K, committed 10752K, reserved 1048576K
}
Event: 972.702 GC heap before
{Heap before GC invocations=194 (full 14):
 PSYoungGen      total 43520K, used 27264K [0x00000007bc400000, 0x00000007c0000000, 0x00000007c0000000)
  eden space 26624K, 100% used [0x00000007bc400000,0x00000007bde00000,0x00000007bde00000)
  from space 16896K, 3% used [0x00000007bde00000,0x00000007bdea0000,0x00000007bee80000)
  to   space 15872K, 0% used [0x00000007bf080000,0x00000007bf080000,0x00000007c0000000)
 ParOldGen       total 219648K, used 69688K [0x0000000700000000, 0x000000070d680000, 0x00000007bc400000)
  object space 219648K, 31% used [0x0000000700000000,0x000000070440e300,0x000000070d680000)
 Metaspace       used 75178K, capacity 75939K, committed 76800K, reserved 1116160K
  class space    used 10511K, capacity 10647K, committed 10752K, reserved 1048576K
Event: 972.705 GC heap after
Heap after GC invocations=194 (full 14):
 PSYoungGen      total 46592K, used 832K [0x00000007bc400000, 0x00000007c0000000, 0x00000007c0000000)
  eden space 30720K, 0% used [0x00000007bc400000,0x00000007bc400000,0x00000007be200000)
  from space 15872K, 5% used [0x00000007bf080000,0x00000007bf150000,0x00000007c0000000)
  to   space 14848K, 0% used [0x00000007be200000,0x00000007be200000,0x00000007bf080000)
 ParOldGen       total 219648K, used 69696K [0x0000000700000000, 0x000000070d680000, 0x00000007bc400000)
  object space 219648K, 31% used [0x0000000700000000,0x0000000704410300,0x000000070d680000)
 Metaspace       used 75178K, capacity 75939K, committed 76800K, reserved 1116160K
  class space    used 10511K, capacity 10647K, committed 10752K, reserved 1048576K
}
Event: 972.889 GC heap before
{Heap before GC invocations=195 (full 14):
 PSYoungGen      total 46592K, used 31552K [0x00000007bc400000, 0x00000007c0000000, 0x00000007c0000000)
  eden space 30720K, 100% used [0x00000007bc400000,0x00000007be200000,0x00000007be200000)
  from space 15872K, 5% used [0x00000007bf080000,0x00000007bf150000,0x00000007c0000000)
  to   space 14848K, 0% used [0x00000007be200000,0x00000007be200000,0x00000007bf080000)
 ParOldGen       total 219648K, used 69696K [0x0000000700000000, 0x000000070d680000, 0x00000007bc400000)
  object space 219648K, 31% used [0x0000000700000000,0x0000000704410300,0x000000070d680000)
 Metaspace       used 75179K, capacity 75939K, committed 76800K, reserved 1116160K
  class space    used 10511K, capacity 10647K, committed 10752K, reserved 1048576K
Event: 972.892 GC heap after
Heap after GC invocations=195 (full 14):
 PSYoungGen      total 45568K, used 832K [0x00000007bc400000, 0x00000007c0000000, 0x00000007c0000000)
  eden space 30720K, 0% used [0x00000007bc400000,0x00000007bc400000,0x00000007be200000)
  from space 14848K, 5% used [0x00000007be200000,0x00000007be2d0000,0x00000007bf080000)
  to   space 13824K, 0% used [0x00000007bf280000,0x00000007bf280000,0x00000007c0000000)
 ParOldGen       total 219648K, used 69696K [0x0000000700000000, 0x000000070d680000, 0x00000007bc400000)
  object space 219648K, 31% used [0x0000000700000000,0x0000000704410300,0x000000070d680000)
 Metaspace       used 75179K, capacity 75939K, committed 76800K, reserved 1116160K
  class space    used 10511K, capacity 10647K, committed 10752K, reserved 1048576K
}

