# JRE version: Java(TM) SE Runtime Environment (8.0_112-b15) (build 1.8.0_112-b15)
# Java VM: Java HotSpot(TM) 64-Bit Server VM (25.112-b15 mixed mode windows-amd64 compressed oops)
Heap:
 PSYoungGen      total 59392K, used 32482K [0x00000007bc400000, 0x00000007c0000000, 0x00000007c0000000)
  eden space 57344K, 54% used [0x00000007bc400000,0x00000007be248b88,0x00000007bfc00000)
  from space 2048K, 71% used [0x00000007bfe00000,0x00000007bff70000,0x00000007c0000000)
  to   space 2048K, 0% used [0x00000007bfc00000,0x00000007bfc00000,0x00000007bfe00000)
 ParOldGen       total 227328K, used 93854K [0x0000000700000000, 0x000000070de00000, 0x00000007bc400000)
  object space 227328K, 41% used [0x0000000700000000,0x0000000705ba7828,0x000000070de00000)
 Metaspace       used 72392K, capacity 73097K, committed 73984K, reserved 1114112K
  class space    used 9755K, capacity 9898K, committed 9984K, reserved 1048576K
GC Heap History (10 events):
Event: 5894.196 GC heap before
{Heap before GC invocations=294 (full 52):
 PSYoungGen      total 59392K, used 58272K [0x00000007bc400000, 0x00000007c0000000, 0x00000007c0000000)
  eden space 57344K, 100% used [0x00000007bc400000,0x00000007bfc00000,0x00000007bfc00000)
  from space 2048K, 45% used [0x00000007bfc00000,0x00000007bfce8000,0x00000007bfe00000)
  to   space 2048K, 0% used [0x00000007bfe00000,0x00000007bfe00000,0x00000007c0000000)
 ParOldGen       total 227328K, used 64152K [0x0000000700000000, 0x000000070de00000, 0x00000007bc400000)
  object space 227328K, 28% used [0x0000000700000000,0x0000000703ea62c8,0x000000070de00000)
 Metaspace       used 72357K, capacity 73085K, committed 73984K, reserved 1114112K
  class space    used 9753K, capacity 9896K, committed 9984K, reserved 1048576K
Event: 5894.199 GC heap after
Heap after GC invocations=294 (full 52):
 PSYoungGen      total 59392K, used 1056K [0x00000007bc400000, 0x00000007c0000000, 0x00000007c0000000)
  eden space 57344K, 0% used [0x00000007bc400000,0x00000007bc400000,0x00000007bfc00000)
  from space 2048K, 51% used [0x00000007bfe00000,0x00000007bff08000,0x00000007c0000000)
  to   space 2048K, 0% used [0x00000007bfc00000,0x00000007bfc00000,0x00000007bfe00000)
 ParOldGen       total 227328K, used 64152K [0x0000000700000000, 0x000000070de00000, 0x00000007bc400000)
  object space 227328K, 28% used [0x0000000700000000,0x0000000703ea62c8,0x000000070de00000)
 Metaspace       used 72357K, capacity 73085K, committed 73984K, reserved 1114112K
  class space    used 9753K, capacity 9896K, committed 9984K, reserved 1048576K
}
Event: 5895.265 GC heap before
{Heap before GC invocations=295 (full 52):
 PSYoungGen      total 59392K, used 58400K [0x00000007bc400000, 0x00000007c0000000, 0x00000007c0000000)
  eden space 57344K, 100% used [0x00000007bc400000,0x00000007bfc00000,0x00000007bfc00000)
  from space 2048K, 51% used [0x00000007bfe00000,0x00000007bff08000,0x00000007c0000000)
  to   space 2048K, 0% used [0x00000007bfc00000,0x00000007bfc00000,0x00000007bfe00000)
 ParOldGen       total 227328K, used 64152K [0x0000000700000000, 0x000000070de00000, 0x00000007bc400000)
  object space 227328K, 28% used [0x0000000700000000,0x0000000703ea62c8,0x000000070de00000)
 Metaspace       used 72357K, capacity 73085K, committed 73984K, reserved 1114112K
  class space    used 9753K, capacity 9896K, committed 9984K, reserved 1048576K
Event: 5895.268 GC heap after
Heap after GC invocations=295 (full 52):
 PSYoungGen      total 59392K, used 1056K [0x00000007bc400000, 0x00000007c0000000, 0x00000007c0000000)
  eden space 57344K, 0% used [0x00000007bc400000,0x00000007bc400000,0x00000007bfc00000)
  from space 2048K, 51% used [0x00000007bfc00000,0x00000007bfd08000,0x00000007bfe00000)
  to   space 2048K, 0% used [0x00000007bfe00000,0x00000007bfe00000,0x00000007c0000000)
 ParOldGen       total 227328K, used 64152K [0x0000000700000000, 0x000000070de00000, 0x00000007bc400000)
  object space 227328K, 28% used [0x0000000700000000,0x0000000703ea62c8,0x000000070de00000)
 Metaspace       used 72357K, capacity 73085K, committed 73984K, reserved 1114112K
  class space    used 9753K, capacity 9896K, committed 9984K, reserved 1048576K
}
Event: 5896.132 GC heap before
{Heap before GC invocations=296 (full 52):
 PSYoungGen      total 59392K, used 13630K [0x00000007bc400000, 0x00000007c0000000, 0x00000007c0000000)
  eden space 57344K, 21% used [0x00000007bc400000,0x00000007bd0478e8,0x00000007bfc00000)
  from space 2048K, 51% used [0x00000007bfc00000,0x00000007bfd08000,0x00000007bfe00000)
  to   space 2048K, 0% used [0x00000007bfe00000,0x00000007bfe00000,0x00000007c0000000)
 ParOldGen       total 227328K, used 64152K [0x0000000700000000, 0x000000070de00000, 0x00000007bc400000)
  object space 227328K, 28% used [0x0000000700000000,0x0000000703ea62c8,0x000000070de00000)
 Metaspace       used 72357K, capacity 73085K, committed 73984K, reserved 1114112K
  class space    used 9753K, capacity 9896K, committed 9984K, reserved 1048576K
Event: 5896.136 GC heap after
Heap after GC invocations=296 (full 52):
 PSYoungGen      total 59392K, used 928K [0x00000007bc400000, 0x00000007c0000000, 0x00000007c0000000)
  eden space 57344K, 0% used [0x00000007bc400000,0x00000007bc400000,0x00000007bfc00000)
  from space 2048K, 45% used [0x00000007bfe00000,0x00000007bfee8000,0x00000007c0000000)
  to   space 2048K, 0% used [0x00000007bfc00000,0x00000007bfc00000,0x00000007bfe00000)
 ParOldGen       total 227328K, used 78999K [0x0000000700000000, 0x000000070de00000, 0x00000007bc400000)
  object space 227328K, 34% used [0x0000000700000000,0x0000000704d25d78,0x000000070de00000)
 Metaspace       used 72357K, capacity 73085K, committed 73984K, reserved 1114112K
  class space    used 9753K, capacity 9896K, committed 9984K, reserved 1048576K
}
Event: 5900.177 GC heap before
{Heap before GC invocations=297 (full 52):
 PSYoungGen      total 59392K, used 58272K [0x00000007bc400000, 0x00000007c0000000, 0x00000007c0000000)
  eden space 57344K, 100% used [0x00000007bc400000,0x00000007bfc00000,0x00000007bfc00000)
  from space 2048K, 45% used [0x00000007bfe00000,0x00000007bfee8000,0x00000007c0000000)
  to   space 2048K, 0% used [0x00000007bfc00000,0x00000007bfc00000,0x00000007bfe00000)
 ParOldGen       total 227328K, used 78999K [0x0000000700000000, 0x000000070de00000, 0x00000007bc400000)
  object space 227328K, 34% used [0x0000000700000000,0x0000000704d25d78,0x000000070de00000)
 Metaspace       used 72371K, capacity 73085K, committed 73984K, reserved 1114112K
  class space    used 9753K, capacity 9896K, committed 9984K, reserved 1048576K
Event: 5900.181 GC heap after
Heap after GC invocations=297 (full 52):
 PSYoungGen      total 59392K, used 1632K [0x00000007bc400000, 0x00000007c0000000, 0x00000007c0000000)
  eden space 57344K, 0% used [0x00000007bc400000,0x00000007bc400000,0x00000007bfc00000)
  from space 2048K, 79% used [0x00000007bfc00000,0x00000007bfd98000,0x00000007bfe00000)
  to   space 2048K, 0% used [0x00000007bfe00000,0x00000007bfe00000,0x00000007c0000000)
 ParOldGen       total 227328K, used 93854K [0x0000000700000000, 0x000000070de00000, 0x00000007bc400000)
  object space 227328K, 41% used [0x0000000700000000,0x0000000705ba7828,0x000000070de00000)
 Metaspace       used 72371K, capacity 73085K, committed 73984K, reserved 1114112K
  class space    used 9753K, capacity 9896K, committed 9984K, reserved 1048576K
}
Event: 5928.916 GC heap before
{Heap before GC invocations=298 (full 52):
 PSYoungGen      total 59392K, used 58976K [0x00000007bc400000, 0x00000007c0000000, 0x00000007c0000000)
  eden space 57344K, 100% used [0x00000007bc400000,0x00000007bfc00000,0x00000007bfc00000)
  from space 2048K, 79% used [0x00000007bfc00000,0x00000007bfd98000,0x00000007bfe00000)
  to   space 2048K, 0% used [0x00000007bfe00000,0x00000007bfe00000,0x00000007c0000000)
 ParOldGen       total 227328K, used 93854K [0x0000000700000000, 0x000000070de00000, 0x00000007bc400000)
  object space 227328K, 41% used [0x0000000700000000,0x0000000705ba7828,0x000000070de00000)
 Metaspace       used 72371K, capacity 73085K, committed 73984K, reserved 1114112K
  class space    used 9753K, capacity 9896K, committed 9984K, reserved 1048576K
Event: 5928.919 GC heap after
Heap after GC invocations=298 (full 52):
 PSYoungGen      total 59392K, used 1472K [0x00000007bc400000, 0x00000007c0000000, 0x00000007c0000000)
  eden space 57344K, 0% used [0x00000007bc400000,0x00000007bc400000,0x00000007bfc00000)
  from space 2048K, 71% used [0x00000007bfe00000,0x00000007bff70000,0x00000007c0000000)
  to   space 2048K, 0% used [0x00000007bfc00000,0x00000007bfc00000,0x00000007bfe00000)
 ParOldGen       total 227328K, used 93854K [0x0000000700000000, 0x000000070de00000, 0x00000007bc400000)
  object space 227328K, 41% used [0x0000000700000000,0x0000000705ba7828,0x000000070de00000)
 Metaspace       used 72371K, capacity 73085K, committed 73984K, reserved 1114112K
  class space    used 9753K, capacity 9896K, committed 9984K, reserved 1048576K
}

