# JRE version: Java(TM) SE Runtime Environment (8.0_112-b15) (build 1.8.0_112-b15)
# Java VM: Java HotSpot(TM) 64-Bit Server VM (25.112-b15 mixed mode windows-amd64 compressed oops)
Heap:
 PSYoungGen      total 59392K, used 1138K [0x00000007bc400000, 0x00000007c0000000, 0x00000007c0000000)
  eden space 57344K, 0% used [0x00000007bc400000,0x00000007bc410200,0x00000007bfc00000)
  from space 2048K, 52% used [0x00000007bfe00000,0x00000007bff0c978,0x00000007c0000000)
  to   space 2048K, 0% used [0x00000007bfc00000,0x00000007bfc00000,0x00000007bfe00000)
 ParOldGen       total 365568K, used 80390K [0x0000000700000000, 0x0000000716500000, 0x00000007bc400000)
  object space 365568K, 21% used [0x0000000700000000,0x0000000704e818e0,0x0000000716500000)
 Metaspace       used 75113K, capacity 75905K, committed 76544K, reserved 1116160K
  class space    used 9990K, capacity 10134K, committed 10240K, reserved 1048576K
GC Heap History (10 events):
Event: 64222.486 GC heap before
{Heap before GC invocations=2320 (full 589):
 PSYoungGen      total 59904K, used 59552K [0x00000007bc400000, 0x00000007c0000000, 0x00000007c0000000)
  eden space 58368K, 100% used [0x00000007bc400000,0x00000007bfd00000,0x00000007bfd00000)
  from space 1536K, 77% used [0x00000007bfe80000,0x00000007bffa8008,0x00000007c0000000)
  to   space 1536K, 0% used [0x00000007bfd00000,0x00000007bfd00000,0x00000007bfe80000)
 ParOldGen       total 365568K, used 80271K [0x0000000700000000, 0x0000000716500000, 0x00000007bc400000)
  object space 365568K, 21% used [0x0000000700000000,0x0000000704e63eb0,0x0000000716500000)
 Metaspace       used 75093K, capacity 75827K, committed 76544K, reserved 1116160K
  class space    used 9988K, capacity 10131K, committed 10240K, reserved 1048576K
Event: 64222.489 GC heap after
Heap after GC invocations=2320 (full 589):
 PSYoungGen      total 59904K, used 1106K [0x00000007bc400000, 0x00000007c0000000, 0x00000007c0000000)
  eden space 58368K, 0% used [0x00000007bc400000,0x00000007bc400000,0x00000007bfd00000)
  from space 1536K, 72% used [0x00000007bfd00000,0x00000007bfe14970,0x00000007bfe80000)
  to   space 1536K, 0% used [0x00000007bfe80000,0x00000007bfe80000,0x00000007c0000000)
 ParOldGen       total 365568K, used 80271K [0x0000000700000000, 0x0000000716500000, 0x00000007bc400000)
  object space 365568K, 21% used [0x0000000700000000,0x0000000704e63eb0,0x0000000716500000)
 Metaspace       used 75093K, capacity 75827K, committed 76544K, reserved 1116160K
  class space    used 9988K, capacity 10131K, committed 10240K, reserved 1048576K
}
Event: 64223.952 GC heap before
{Heap before GC invocations=2321 (full 589):
 PSYoungGen      total 59904K, used 59474K [0x00000007bc400000, 0x00000007c0000000, 0x00000007c0000000)
  eden space 58368K, 100% used [0x00000007bc400000,0x00000007bfd00000,0x00000007bfd00000)
  from space 1536K, 72% used [0x00000007bfd00000,0x00000007bfe14970,0x00000007bfe80000)
  to   space 1536K, 0% used [0x00000007bfe80000,0x00000007bfe80000,0x00000007c0000000)
 ParOldGen       total 365568K, used 80272K [0x0000000700000000, 0x0000000716500000, 0x00000007bc400000)
  object space 365568K, 21% used [0x0000000700000000,0x0000000704e640b8,0x0000000716500000)
 Metaspace       used 75093K, capacity 75827K, committed 76544K, reserved 1116160K
  class space    used 9988K, capacity 10131K, committed 10240K, reserved 1048576K
Event: 64223.956 GC heap after
Heap after GC invocations=2321 (full 589):
 PSYoungGen      total 59904K, used 1138K [0x00000007bc400000, 0x00000007c0000000, 0x00000007c0000000)
  eden space 58368K, 0% used [0x00000007bc400000,0x00000007bc400000,0x00000007bfd00000)
  from space 1536K, 74% used [0x00000007bfe80000,0x00000007bff9c970,0x00000007c0000000)
  to   space 1536K, 0% used [0x00000007bfd00000,0x00000007bfd00000,0x00000007bfe80000)
 ParOldGen       total 365568K, used 80280K [0x0000000700000000, 0x0000000716500000, 0x00000007bc400000)
  object space 365568K, 21% used [0x0000000700000000,0x0000000704e660b8,0x0000000716500000)
 Metaspace       used 75093K, capacity 75827K, committed 76544K, reserved 1116160K
  class space    used 9988K, capacity 10131K, committed 10240K, reserved 1048576K
}
Event: 64226.561 GC heap before
{Heap before GC invocations=2322 (full 589):
 PSYoungGen      total 59904K, used 59506K [0x00000007bc400000, 0x00000007c0000000, 0x00000007c0000000)
  eden space 58368K, 100% used [0x00000007bc400000,0x00000007bfd00000,0x00000007bfd00000)
  from space 1536K, 74% used [0x00000007bfe80000,0x00000007bff9c970,0x00000007c0000000)
  to   space 1536K, 0% used [0x00000007bfd00000,0x00000007bfd00000,0x00000007bfe80000)
 ParOldGen       total 365568K, used 80284K [0x0000000700000000, 0x0000000716500000, 0x00000007bc400000)
  object space 365568K, 21% used [0x0000000700000000,0x0000000704e670d8,0x0000000716500000)
 Metaspace       used 75093K, capacity 75827K, committed 76544K, reserved 1116160K
  class space    used 9988K, capacity 10131K, committed 10240K, reserved 1048576K
Event: 64226.564 GC heap after
Heap after GC invocations=2322 (full 589):
 PSYoungGen      total 59904K, used 1202K [0x00000007bc400000, 0x00000007c0000000, 0x00000007c0000000)
  eden space 58368K, 0% used [0x00000007bc400000,0x00000007bc400000,0x00000007bfd00000)
  from space 1536K, 78% used [0x00000007bfd00000,0x00000007bfe2c970,0x00000007bfe80000)
  to   space 1536K, 0% used [0x00000007bfe80000,0x00000007bfe80000,0x00000007c0000000)
 ParOldGen       total 365568K, used 80348K [0x0000000700000000, 0x0000000716500000, 0x00000007bc400000)
  object space 365568K, 21% used [0x0000000700000000,0x0000000704e770d8,0x0000000716500000)
 Metaspace       used 75093K, capacity 75827K, committed 76544K, reserved 1116160K
  class space    used 9988K, capacity 10131K, committed 10240K, reserved 1048576K
}
Event: 64228.358 GC heap before
{Heap before GC invocations=2323 (full 589):
 PSYoungGen      total 59904K, used 59570K [0x00000007bc400000, 0x00000007c0000000, 0x00000007c0000000)
  eden space 58368K, 100% used [0x00000007bc400000,0x00000007bfd00000,0x00000007bfd00000)
  from space 1536K, 78% used [0x00000007bfd00000,0x00000007bfe2c970,0x00000007bfe80000)
  to   space 1536K, 0% used [0x00000007bfe80000,0x00000007bfe80000,0x00000007c0000000)
 ParOldGen       total 365568K, used 80350K [0x0000000700000000, 0x0000000716500000, 0x00000007bc400000)
  object space 365568K, 21% used [0x0000000700000000,0x0000000704e778e0,0x0000000716500000)
 Metaspace       used 75099K, capacity 75891K, committed 76544K, reserved 1116160K
  class space    used 9988K, capacity 10131K, committed 10240K, reserved 1048576K
Event: 64228.362 GC heap after
Heap after GC invocations=2323 (full 589):
 PSYoungGen      total 58880K, used 1330K [0x00000007bc400000, 0x00000007c0000000, 0x00000007c0000000)
  eden space 57344K, 0% used [0x00000007bc400000,0x00000007bc400000,0x00000007bfc00000)
  from space 1536K, 86% used [0x00000007bfe80000,0x00000007bffcc970,0x00000007c0000000)
  to   space 2048K, 0% used [0x00000007bfc00000,0x00000007bfc00000,0x00000007bfe00000)
 ParOldGen       total 365568K, used 80390K [0x0000000700000000, 0x0000000716500000, 0x00000007bc400000)
  object space 365568K, 21% used [0x0000000700000000,0x0000000704e818e0,0x0000000716500000)
 Metaspace       used 75099K, capacity 75891K, committed 76544K, reserved 1116160K
  class space    used 9988K, capacity 10131K, committed 10240K, reserved 1048576K
}
Event: 64230.138 GC heap before
{Heap before GC invocations=2324 (full 589):
 PSYoungGen      total 58880K, used 58674K [0x00000007bc400000, 0x00000007c0000000, 0x00000007c0000000)
  eden space 57344K, 100% used [0x00000007bc400000,0x00000007bfc00000,0x00000007bfc00000)
  from space 1536K, 86% used [0x00000007bfe80000,0x00000007bffcc970,0x00000007c0000000)
  to   space 2048K, 0% used [0x00000007bfc00000,0x00000007bfc00000,0x00000007bfe00000)
 ParOldGen       total 365568K, used 80390K [0x0000000700000000, 0x0000000716500000, 0x00000007bc400000)
  object space 365568K, 21% used [0x0000000700000000,0x0000000704e818e0,0x0000000716500000)
 Metaspace       used 75099K, capacity 75891K, committed 76544K, reserved 1116160K
  class space    used 9988K, capacity 10131K, committed 10240K, reserved 1048576K
Event: 64230.141 GC heap after
Heap after GC invocations=2324 (full 589):
 PSYoungGen      total 59392K, used 1458K [0x00000007bc400000, 0x00000007c0000000, 0x00000007c0000000)
  eden space 57344K, 0% used [0x00000007bc400000,0x00000007bc400000,0x00000007bfc00000)
  from space 2048K, 71% used [0x00000007bfc00000,0x00000007bfd6c978,0x00000007bfe00000)
  to   space 2048K, 0% used [0x00000007bfe00000,0x00000007bfe00000,0x00000007c0000000)
 ParOldGen       total 365568K, used 80390K [0x0000000700000000, 0x0000000716500000, 0x00000007bc400000)
  object space 365568K, 21% used [0x0000000700000000,0x0000000704e818e0,0x0000000716500000)
 Metaspace       used 75099K, capacity 75891K, committed 76544K, reserved 1116160K
  class space    used 9988K, capacity 10131K, committed 10240K, reserved 1048576K
}

